<?xml version="1.0" encoding="utf-8" standalone="no"?>
<!--This file represents the results of running a test suite-->
<test-results name="C:\Users\Lucky\Documents\Visual Studio 2015\Projects\TaskFromMoneyVeo\MoneyVeo\MoneyVeo\bin\Debug\MoneyVeo.dll" total="1" errors="0" failures="0" not-run="0" inconclusive="0" ignored="0" skipped="0" invalid="0" date="2016-09-27" time="16:55:33">
  <environment nunit-version="2.6.3.13283" clr-version="2.0.50727.8689" os-version="Microsoft Windows NT 6.2.9200.0" platform="Win32NT" cwd="C:\Program Files (x86)\NUnit 2.6.3\bin" machine-name="DESKTOP-FPH204U" user="Lucky" user-domain="DESKTOP-FPH204U" />
  <culture-info current-culture="en-US" current-uiculture="en-US" />
  <test-suite type="Assembly" name="C:\Users\Lucky\Documents\Visual Studio 2015\Projects\TaskFromMoneyVeo\MoneyVeo\MoneyVeo\bin\Debug\MoneyVeo.dll" executed="True" result="Success" success="True" time="10.262" asserts="0">
    <results>
      <test-suite type="Namespace" name="MoneyVeo" executed="True" result="Success" success="True" time="10.254" asserts="0">
        <results>
          <test-suite type="TestFixture" name="Program" executed="True" result="Success" success="True" time="10.253" asserts="0">
            <properties>
              <property name="APARTMENT_STATE" value="STA" />
            </properties>
            <results>
              <test-case name="MoneyVeo.Program.MoneyVeoTest" executed="True" result="Success" success="True" time="3.296" asserts="1" />
            </results>
          </test-suite>
        </results>
      </test-suite>
    </results>
  </test-suite>
</test-results>